<?xml version="1.0" encoding="UTF-8"?>
<!-- Generated by org.testng.reporters.JUnitXMLReporter -->
<testsuite hostname="DESKTOP-8FKLJ50" ignored="0" name="LoginTest" tests="2" failures="1" timestamp="30 Jun 2020 06:36:45 GMT" time="20.584" errors="0">
  <testcase name="@AfterMethod afterMethod" time="0.0" classname="com.framework.basetest.TestBase">
    <failure type="java.lang.NullPointerException">
      <![CDATA[java.lang.NullPointerException
	at com.framework.basetest.TestBase.catureScreen(TestBase.java:252)
	at com.framework.basetest.TestBase.getStatus(TestBase.java:225)
	at com.framework.basetest.TestBase.afterMethod(TestBase.java:202)
... Removed 30 stack frames]]>
    </failure>
  </testcase> <!-- @AfterMethod afterMethod -->
  <testcase name="tC_001_Validate_Login_Page" time="10.572" classname="com.framework.testcases.TC_001_Validate_Login_Page">
    <skipped/>
  </testcase> <!-- tC_001_Validate_Login_Page -->
  <testcase name="tC_001_Validate_Login_Page" time="9.487" classname="com.framework.testcases.TC_001_Validate_Login_Page">
    <failure type="org.openqa.selenium.SessionNotCreatedException" message="session not created
from chrome not reachable
  (Session info: chrome=83.0.4103.116)
Build info: version: &amp;apos;3.14.0&amp;apos;, revision: &amp;apos;aacccce0&amp;apos;, time: &amp;apos;2018-08-02T20:19:58.91Z&amp;apos;
System info: host: &amp;apos;DESKTOP-8FKLJ50&amp;apos;, ip: &amp;apos;10.0.75.1&amp;apos;, os.name: &amp;apos;Windows 10&amp;apos;, os.arch: &amp;apos;amd64&amp;apos;, os.version: &amp;apos;10.0&amp;apos;, java.version: &amp;apos;1.8.0_231&amp;apos;
Driver info: driver.version: ChromeDriver
remote stacktrace: Backtrace:
	Ordinal0 [0x00729563+2725219]
	Ordinal0 [0x00628551+1672529]
	Ordinal0 [0x00510202+524802]
	Ordinal0 [0x005099B2+498098]
	Ordinal0 [0x0050A09B+499867]
	Ordinal0 [0x0050AFF5+503797]
	Ordinal0 [0x00506994+485780]
	Ordinal0 [0x00510FF0+528368]
	Ordinal0 [0x004BD6C9+186057]
	Ordinal0 [0x004BCA3D+182845]
	Ordinal0 [0x004BA94B+174411]
	Ordinal0 [0x004A2528+75048]
	Ordinal0 [0x004A35A0+79264]
	Ordinal0 [0x004A3539+79161]
	Ordinal0 [0x0063D607+1758727]
	GetHandleVerifier [0x00846546+1050150]
	GetHandleVerifier [0x00846291+1049457]
	GetHandleVerifier [0x008510D7+1094071]
	GetHandleVerifier [0x00846B46+1051686]
	Ordinal0 [0x00635B06+1727238]
	Ordinal0 [0x0063EB7B+1764219]
	Ordinal0 [0x0063ECE3+1764579]
	Ordinal0 [0x00654C05+1854469]
	BaseThreadInitThunk [0x76C86359+25]
	RtlGetAppContainerNamedObjectPath [0x76F27C24+228]
	RtlGetAppContainerNamedObjectPath [0x76F27BF4+180]
">
      <![CDATA[org.openqa.selenium.SessionNotCreatedException: session not created
from chrome not reachable
  (Session info: chrome=83.0.4103.116)
Build info: version: '3.14.0', revision: 'aacccce0', time: '2018-08-02T20:19:58.91Z'
System info: host: 'DESKTOP-8FKLJ50', ip: '10.0.75.1', os.name: 'Windows 10', os.arch: 'amd64', os.version: '10.0', java.version: '1.8.0_231'
Driver info: driver.version: ChromeDriver
remote stacktrace: Backtrace:
	Ordinal0 [0x00729563+2725219]
	Ordinal0 [0x00628551+1672529]
	Ordinal0 [0x00510202+524802]
	Ordinal0 [0x005099B2+498098]
	Ordinal0 [0x0050A09B+499867]
	Ordinal0 [0x0050AFF5+503797]
	Ordinal0 [0x00506994+485780]
	Ordinal0 [0x00510FF0+528368]
	Ordinal0 [0x004BD6C9+186057]
	Ordinal0 [0x004BCA3D+182845]
	Ordinal0 [0x004BA94B+174411]
	Ordinal0 [0x004A2528+75048]
	Ordinal0 [0x004A35A0+79264]
	Ordinal0 [0x004A3539+79161]
	Ordinal0 [0x0063D607+1758727]
	GetHandleVerifier [0x00846546+1050150]
	GetHandleVerifier [0x00846291+1049457]
	GetHandleVerifier [0x008510D7+1094071]
	GetHandleVerifier [0x00846B46+1051686]
	Ordinal0 [0x00635B06+1727238]
	Ordinal0 [0x0063EB7B+1764219]
	Ordinal0 [0x0063ECE3+1764579]
	Ordinal0 [0x00654C05+1854469]
	BaseThreadInitThunk [0x76C86359+25]
	RtlGetAppContainerNamedObjectPath [0x76F27C24+228]
	RtlGetAppContainerNamedObjectPath [0x76F27BF4+180]

	at org.openqa.selenium.remote.W3CHandshakeResponse.lambda$new$0(W3CHandshakeResponse.java:57)
	at org.openqa.selenium.remote.W3CHandshakeResponse.lambda$getResponseFunction$2(W3CHandshakeResponse.java:104)
	at org.openqa.selenium.remote.ProtocolHandshake.lambda$createSession$0(ProtocolHandshake.java:122)
	at java.util.stream.ReferencePipeline$3$1.accept(Unknown Source)
	at java.util.Spliterators$ArraySpliterator.tryAdvance(Unknown Source)
	at java.util.stream.ReferencePipeline.forEachWithCancel(Unknown Source)
	at java.util.stream.AbstractPipeline.copyIntoWithCancel(Unknown Source)
	at java.util.stream.AbstractPipeline.copyInto(Unknown Source)
	at java.util.stream.AbstractPipeline.wrapAndCopyInto(Unknown Source)
	at java.util.stream.FindOps$FindOp.evaluateSequential(Unknown Source)
	at java.util.stream.AbstractPipeline.evaluate(Unknown Source)
	at java.util.stream.ReferencePipeline.findFirst(Unknown Source)
	at org.openqa.selenium.remote.ProtocolHandshake.createSession(ProtocolHandshake.java:125)
	at org.openqa.selenium.remote.ProtocolHandshake.createSession(ProtocolHandshake.java:73)
	at org.openqa.selenium.remote.HttpCommandExecutor.execute(HttpCommandExecutor.java:136)
	at org.openqa.selenium.remote.service.DriverCommandExecutor.execute(DriverCommandExecutor.java:83)
	at org.openqa.selenium.remote.RemoteWebDriver.execute(RemoteWebDriver.java:548)
	at org.openqa.selenium.remote.RemoteWebDriver.startSession(RemoteWebDriver.java:212)
	at org.openqa.selenium.remote.RemoteWebDriver.<init>(RemoteWebDriver.java:130)
	at org.openqa.selenium.chrome.ChromeDriver.<init>(ChromeDriver.java:181)
	at org.openqa.selenium.chrome.ChromeDriver.<init>(ChromeDriver.java:168)
	at org.openqa.selenium.chrome.ChromeDriver.<init>(ChromeDriver.java:123)
	at com.framework.basetest.TestBase.openBrowser(TestBase.java:87)
	at com.framework.frameworkutils.Keywords.executeKeywords(Keywords.java:43)
	at com.framework.testcases.TC_001_Validate_Login_Page.tC_001_Validate_Login_Page(TC_001_Validate_Login_Page.java:25)
... Removed 32 stack frames]]>
    </failure>
  </testcase> <!-- tC_001_Validate_Login_Page -->
</testsuite> <!-- LoginTest -->
